<?xml version="1.0" encoding="UTF-8"?>
<!-- Generated by org.testng.reporters.JUnitXMLReporter -->
<testsuite ignored="2" hostname="DESKTOP-4CFHULB" failures="0" tests="3" name="Add_and_Edit_ProductTest" time="96.716" errors="0" timestamp="2020-05-16T15:34:31 CEST">
  <testcase classname="products_test.AddProductTest" name="uploadProduct" time="14.336"/>
  <testcase classname="products_test.AddProductTest" name="uploadProductsFromExcel" time="58.41"/>
  <testcase classname="products_test.EditProductTest" name="increaseProductPriceTest" time="23.947"/>
  <testcase classname="for_suite.BeforeAfterAnnotations" name="@BeforeSuite BeforeSuite" time="0.0">
    <ignored/>
  </testcase> <!-- @BeforeSuite BeforeSuite -->
  <testcase classname="for_suite.BeforeAfterAnnotations" name="@AfterSuite AfterSuite" time="0.0">
    <ignored/>
  </testcase> <!-- @AfterSuite AfterSuite -->
</testsuite> <!-- Add_and_Edit_ProductTest -->
