<?xml version="1.0" encoding="UTF-8"?>
<testng-results ignored="0" total="2" passed="2" failed="0" skipped="0">
  <reporter-output>
  </reporter-output>
  <suite started-at="2020-05-16T15:36:08 CEST" name="Default suite" finished-at="2020-05-16T15:37:26 CEST" duration-ms="77421">
    <groups>
    </groups>
    <test started-at="2020-05-16T15:36:08 CEST" name="Default test" finished-at="2020-05-16T15:37:26 CEST" duration-ms="77421">
      <class name="products_test.AddProductTest">
        <test-method is-config="true" signature="BeforeSuite()[pri:0, instance:products_test.AddProductTest@12d4bf7e]" started-at="2020-05-16T15:35:56 CEST" name="BeforeSuite" finished-at="2020-05-16T15:36:08 CEST" duration-ms="12515" status="PASS">
          <reporter-output>
          </reporter-output>
        </test-method> <!-- BeforeSuite -->
        <test-method signature="uploadProduct()[pri:0, instance:products_test.AddProductTest@12d4bf7e]" started-at="2020-05-16T15:36:08 CEST" name="uploadProduct" finished-at="2020-05-16T15:36:27 CEST" duration-ms="18641" status="PASS">
          <reporter-output>
          </reporter-output>
        </test-method> <!-- uploadProduct -->
        <test-method signature="uploadProductsFromExcel()[pri:0, instance:products_test.AddProductTest@12d4bf7e]" started-at="2020-05-16T15:36:27 CEST" name="uploadProductsFromExcel" finished-at="2020-05-16T15:37:26 CEST" duration-ms="58628" status="PASS">
          <reporter-output>
          </reporter-output>
        </test-method> <!-- uploadProductsFromExcel -->
        <test-method is-config="true" signature="AfterSuite()[pri:0, instance:products_test.AddProductTest@12d4bf7e]" started-at="2020-05-16T15:37:26 CEST" name="AfterSuite" finished-at="2020-05-16T15:37:28 CEST" duration-ms="2206" status="PASS">
          <reporter-output>
          </reporter-output>
        </test-method> <!-- AfterSuite -->
      </class> <!-- products_test.AddProductTest -->
    </test> <!-- Default test -->
  </suite> <!-- Default suite -->
</testng-results>
