<?xml version="1.0" encoding="UTF-8"?>
<testsuite xmlns:xsi="http://www.w3.org/2001/XMLSchema-instance" xsi:noNamespaceSchemaLocation="https://maven.apache.org/surefire/maven-surefire-plugin/xsd/surefire-test-report-3.0.xsd" version="3.0" name="TestSuite" time="126.477" tests="5" errors="0" skipped="0" failures="0">
  <properties>
[...]
</properties>
  <testcase name="logIn1_WithoutReg" classname="registration_login_test.LogInTest" time="2.167"/>
  <testcase name="logIn2_RegisteredUser" classname="registration_login_test.LogInTest" time="9.083"/>
  <testcase name="uploadProduct" classname="products_test.AddProductTest" time="14.337"/>
  <testcase name="uploadProductsFromExcel" classname="products_test.AddProductTest" time="58.41"/>
  <testcase name="increaseProductPriceTest" classname="products_test.EditProductTest" time="23.95"/>
</testsuite>